<?xml version="1.0" encoding="UTF-8"?>
<!-- Generated by org.testng.reporters.JUnitReportReporter -->
<testsuite hostname="DESKTOP-I4L6GH3" failures="0" tests="1" name="testai.login" time="1.648" errors="0" timestamp="2022-10-09T16:14:12 EEST" skipped="0">
  <testcase classname="testai.login" name="regNegative" time="1.648"/>
  <system-out/>
</testsuite> <!-- testai.login -->
