<?xml version="1.0" encoding="UTF-8"?>
<!-- Generated by org.testng.reporters.JUnitReportReporter -->
<testsuite hostname="WRM-nout" failures="0" tests="5" name="testai.tests" time="35.219" errors="0" timestamp="2022-11-09T17:21:54 EET" skipped="0">
  <testcase classname="testai.tests" name="loginPageNeg" time="4.815"/>
  <system-out/>
  <testcase classname="testai.tests" name="loginPageOut" time="2.321"/>
  <system-out/>
  <testcase classname="testai.tests" name="loginPage" time="2.306"/>
  <system-out/>
  <testcase classname="testai.tests" name="regPositive" time="13.640"/>
  <system-out/>
  <testcase classname="testai.tests" name="regNegative" time="12.137"/>
  <system-out/>
</testsuite> <!-- testai.tests -->
